{"/Users/untitled/workplace/farm/src/1.1.ArrayFarm.ts": {"path":"/Users/untitled/workplace/farm/src/1.1.ArrayFarm.ts","statementMap":{"0":{"start":{"line":1,"column":0},"end":{"line":1,"column":43}},"1":{"start":{"line":7,"column":18},"end":{"line":7,"column":19}},"2":{"start":{"line":8,"column":27},"end":{"line":8,"column":29}},"3":{"start":{"line":9,"column":35},"end":{"line":9,"column":37}},"4":{"start":{"line":12,"column":8},"end":{"line":12,"column":16}},"5":{"start":{"line":14,"column":8},"end":{"line":14,"column":65}},"6":{"start":{"line":15,"column":8},"end":{"line":15,"column":33}},"7":{"start":{"line":19,"column":8},"end":{"line":25,"column":null}},"8":{"start":{"line":20,"column":12},"end":{"line":24,"column":14}},"9":{"start":{"line":29,"column":8},"end":{"line":29,"column":47}},"10":{"start":{"line":33,"column":8},"end":{"line":33,"column":35}},"11":{"start":{"line":37,"column":8},"end":{"line":37,"column":55}},"12":{"start":{"line":39,"column":8},"end":{"line":39,"column":41}},"13":{"start":{"line":40,"column":8},"end":{"line":40,"column":33}},"14":{"start":{"line":41,"column":8},"end":{"line":41,"column":41}},"15":{"start":{"line":45,"column":8},"end":{"line":47,"column":null}},"16":{"start":{"line":46,"column":12},"end":{"line":46,"column":63}},"17":{"start":{"line":49,"column":8},"end":{"line":49,"column":33}},"18":{"start":{"line":50,"column":8},"end":{"line":50,"column":37}},"19":{"start":{"line":54,"column":8},"end":{"line":58,"column":12}},"20":{"start":{"line":54,"column":66},"end":{"line":58,"column":10}},"21":{"start":{"line":62,"column":8},"end":{"line":62,"column":49}},"22":{"start":{"line":66,"column":8},"end":{"line":66,"column":26}},"23":{"start":{"line":6,"column":0},"end":{"line":6,"column":13}}},"fnMap":{"0":{"name":"(anonymous_0)","decl":{"start":{"line":11,"column":4},"end":{"line":11,"column":null}},"loc":{"start":{"line":11,"column":4},"end":{"line":16,"column":5}}},"1":{"name":"(anonymous_1)","decl":{"start":{"line":18,"column":12},"end":{"line":18,"column":23}},"loc":{"start":{"line":18,"column":37},"end":{"line":26,"column":5}}},"2":{"name":"(anonymous_2)","decl":{"start":{"line":28,"column":11},"end":{"line":28,"column":21}},"loc":{"start":{"line":28,"column":35},"end":{"line":30,"column":5}}},"3":{"name":"(anonymous_3)","decl":{"start":{"line":32,"column":4},"end":{"line":32,"column":10}},"loc":{"start":{"line":32,"column":24},"end":{"line":34,"column":5}}},"4":{"name":"(anonymous_4)","decl":{"start":{"line":36,"column":4},"end":{"line":36,"column":13}},"loc":{"start":{"line":36,"column":59},"end":{"line":42,"column":5}}},"5":{"name":"(anonymous_5)","decl":{"start":{"line":44,"column":4},"end":{"line":44,"column":15}},"loc":{"start":{"line":44,"column":29},"end":{"line":51,"column":5}}},"6":{"name":"(anonymous_6)","decl":{"start":{"line":53,"column":4},"end":{"line":53,"column":11}},"loc":{"start":{"line":53,"column":11},"end":{"line":59,"column":5}}},"7":{"name":"(anonymous_7)","decl":{"start":{"line":54,"column":46},"end":{"line":54,"column":47}},"loc":{"start":{"line":54,"column":66},"end":{"line":58,"column":10}}},"8":{"name":"(anonymous_8)","decl":{"start":{"line":61,"column":4},"end":{"line":61,"column":11}},"loc":{"start":{"line":61,"column":11},"end":{"line":63,"column":5}}},"9":{"name":"(anonymous_9)","decl":{"start":{"line":65,"column":4},"end":{"line":65,"column":10}},"loc":{"start":{"line":65,"column":10},"end":{"line":67,"column":5}}}},"branchMap":{"0":{"loc":{"start":{"line":19,"column":8},"end":{"line":25,"column":null}},"type":"if","locations":[{"start":{"line":19,"column":8},"end":{"line":25,"column":null}},{"start":{"line":19,"column":8},"end":{"line":25,"column":null}}]},"1":{"loc":{"start":{"line":19,"column":12},"end":{"line":19,"column":29}},"type":"binary-expr","locations":[{"start":{"line":19,"column":12},"end":{"line":19,"column":29}},{"start":{"line":19,"column":33},"end":{"line":19,"column":77}}]},"2":{"loc":{"start":{"line":29,"column":15},"end":{"line":29,"column":38}},"type":"binary-expr","locations":[{"start":{"line":29,"column":15},"end":{"line":29,"column":38}},{"start":{"line":29,"column":42},"end":{"line":29,"column":46}}]},"3":{"loc":{"start":{"line":45,"column":8},"end":{"line":47,"column":null}},"type":"if","locations":[{"start":{"line":45,"column":8},"end":{"line":47,"column":null}},{"start":{"line":45,"column":8},"end":{"line":47,"column":null}}]}},"s":{"0":1,"1":9,"2":9,"3":9,"4":9,"5":9,"6":9,"7":2,"8":1,"9":2,"10":38,"11":23,"12":21,"13":21,"14":21,"15":2,"16":1,"17":1,"18":1,"19":1,"20":3,"21":1,"22":10,"23":1},"f":{"0":9,"1":2,"2":2,"3":38,"4":23,"5":2,"6":1,"7":3,"8":1,"9":10},"b":{"0":[1,1],"1":[2,1],"2":[2,1],"3":[1,1]}}
,"/Users/untitled/workplace/farm/src/1.2.ArrayOfObjectsFarm.ts": {"path":"/Users/untitled/workplace/farm/src/1.2.ArrayOfObjectsFarm.ts","statementMap":{"0":{"start":{"line":1,"column":0},"end":{"line":1,"column":43}},"1":{"start":{"line":4,"column":18},"end":{"line":4,"column":19}},"2":{"start":{"line":5,"column":31},"end":{"line":5,"column":33}},"3":{"start":{"line":8,"column":8},"end":{"line":8,"column":16}},"4":{"start":{"line":10,"column":8},"end":{"line":10,"column":65}},"5":{"start":{"line":11,"column":8},"end":{"line":11,"column":33}},"6":{"start":{"line":16,"column":8},"end":{"line":16,"column":61}},"7":{"start":{"line":16,"column":39},"end":{"line":16,"column":59}},"8":{"start":{"line":20,"column":8},"end":{"line":20,"column":47}},"9":{"start":{"line":24,"column":8},"end":{"line":24,"column":41}},"10":{"start":{"line":28,"column":8},"end":{"line":28,"column":55}},"11":{"start":{"line":30,"column":22},"end":{"line":30,"column":47}},"12":{"start":{"line":31,"column":8},"end":{"line":31,"column":31}},"13":{"start":{"line":32,"column":8},"end":{"line":32,"column":21}},"14":{"start":{"line":36,"column":20},"end":{"line":36,"column":43}},"15":{"start":{"line":38,"column":8},"end":{"line":40,"column":null}},"16":{"start":{"line":39,"column":12},"end":{"line":39,"column":63}},"17":{"start":{"line":42,"column":22},"end":{"line":42,"column":45}},"18":{"start":{"line":43,"column":8},"end":{"line":43,"column":33}},"19":{"start":{"line":47,"column":8},"end":{"line":47,"column":47}},"20":{"start":{"line":51,"column":8},"end":{"line":51,"column":33}},"21":{"start":{"line":55,"column":8},"end":{"line":55,"column":26}},"22":{"start":{"line":3,"column":0},"end":{"line":3,"column":13}}},"fnMap":{"0":{"name":"(anonymous_0)","decl":{"start":{"line":7,"column":4},"end":{"line":7,"column":null}},"loc":{"start":{"line":7,"column":4},"end":{"line":12,"column":5}}},"1":{"name":"(anonymous_1)","decl":{"start":{"line":14,"column":12},"end":{"line":14,"column":23}},"loc":{"start":{"line":14,"column":37},"end":{"line":17,"column":5}}},"2":{"name":"(anonymous_2)","decl":{"start":{"line":16,"column":31},"end":{"line":16,"column":35}},"loc":{"start":{"line":16,"column":39},"end":{"line":16,"column":59}}},"3":{"name":"(anonymous_3)","decl":{"start":{"line":19,"column":11},"end":{"line":19,"column":21}},"loc":{"start":{"line":19,"column":35},"end":{"line":21,"column":5}}},"4":{"name":"(anonymous_4)","decl":{"start":{"line":23,"column":4},"end":{"line":23,"column":10}},"loc":{"start":{"line":23,"column":24},"end":{"line":25,"column":5}}},"5":{"name":"(anonymous_5)","decl":{"start":{"line":27,"column":4},"end":{"line":27,"column":13}},"loc":{"start":{"line":27,"column":59},"end":{"line":33,"column":5}}},"6":{"name":"(anonymous_6)","decl":{"start":{"line":35,"column":4},"end":{"line":35,"column":15}},"loc":{"start":{"line":35,"column":29},"end":{"line":44,"column":5}}},"7":{"name":"(anonymous_7)","decl":{"start":{"line":46,"column":4},"end":{"line":46,"column":11}},"loc":{"start":{"line":46,"column":11},"end":{"line":48,"column":5}}},"8":{"name":"(anonymous_8)","decl":{"start":{"line":50,"column":4},"end":{"line":50,"column":11}},"loc":{"start":{"line":50,"column":11},"end":{"line":52,"column":5}}},"9":{"name":"(anonymous_9)","decl":{"start":{"line":54,"column":4},"end":{"line":54,"column":10}},"loc":{"start":{"line":54,"column":10},"end":{"line":56,"column":5}}}},"branchMap":{"0":{"loc":{"start":{"line":20,"column":15},"end":{"line":20,"column":38}},"type":"binary-expr","locations":[{"start":{"line":20,"column":15},"end":{"line":20,"column":38}},{"start":{"line":20,"column":42},"end":{"line":20,"column":46}}]},"1":{"loc":{"start":{"line":38,"column":8},"end":{"line":40,"column":null}},"type":"if","locations":[{"start":{"line":38,"column":8},"end":{"line":40,"column":null}},{"start":{"line":38,"column":8},"end":{"line":40,"column":null}}]}},"s":{"0":1,"1":9,"2":9,"3":9,"4":9,"5":9,"6":40,"7":51,"8":2,"9":36,"10":23,"11":21,"12":21,"13":21,"14":2,"15":2,"16":1,"17":1,"18":1,"19":1,"20":1,"21":10,"22":1},"f":{"0":9,"1":40,"2":51,"3":2,"4":36,"5":23,"6":2,"7":1,"8":1,"9":10},"b":{"0":[2,1],"1":[1,1]}}
,"/Users/untitled/workplace/farm/src/1.3.MapFarm.ts": {"path":"/Users/untitled/workplace/farm/src/1.3.MapFarm.ts","statementMap":{"0":{"start":{"line":1,"column":0},"end":{"line":1,"column":43}},"1":{"start":{"line":9,"column":18},"end":{"line":9,"column":19}},"2":{"start":{"line":10,"column":20},"end":{"line":10,"column":42}},"3":{"start":{"line":13,"column":8},"end":{"line":13,"column":16}},"4":{"start":{"line":15,"column":8},"end":{"line":15,"column":65}},"5":{"start":{"line":16,"column":8},"end":{"line":16,"column":33}},"6":{"start":{"line":20,"column":20},"end":{"line":20,"column":41}},"7":{"start":{"line":21,"column":8},"end":{"line":23,"column":null}},"8":{"start":{"line":22,"column":12},"end":{"line":22,"column":37}},"9":{"start":{"line":27,"column":8},"end":{"line":27,"column":47}},"10":{"start":{"line":31,"column":8},"end":{"line":31,"column":37}},"11":{"start":{"line":35,"column":8},"end":{"line":35,"column":55}},"12":{"start":{"line":37,"column":22},"end":{"line":37,"column":40}},"13":{"start":{"line":38,"column":8},"end":{"line":38,"column":37}},"14":{"start":{"line":39,"column":8},"end":{"line":39,"column":35}},"15":{"start":{"line":43,"column":24},"end":{"line":43,"column":48}},"16":{"start":{"line":45,"column":8},"end":{"line":47,"column":null}},"17":{"start":{"line":46,"column":12},"end":{"line":46,"column":63}},"18":{"start":{"line":51,"column":8},"end":{"line":51,"column":97}},"19":{"start":{"line":51,"column":69},"end":{"line":51,"column":94}},"20":{"start":{"line":55,"column":8},"end":{"line":55,"column":31}},"21":{"start":{"line":59,"column":8},"end":{"line":59,"column":26}},"22":{"start":{"line":8,"column":0},"end":{"line":8,"column":13}}},"fnMap":{"0":{"name":"(anonymous_0)","decl":{"start":{"line":12,"column":4},"end":{"line":12,"column":null}},"loc":{"start":{"line":12,"column":4},"end":{"line":17,"column":5}}},"1":{"name":"(anonymous_1)","decl":{"start":{"line":19,"column":12},"end":{"line":19,"column":23}},"loc":{"start":{"line":19,"column":37},"end":{"line":24,"column":5}}},"2":{"name":"(anonymous_2)","decl":{"start":{"line":26,"column":11},"end":{"line":26,"column":21}},"loc":{"start":{"line":26,"column":35},"end":{"line":28,"column":5}}},"3":{"name":"(anonymous_3)","decl":{"start":{"line":30,"column":4},"end":{"line":30,"column":10}},"loc":{"start":{"line":30,"column":24},"end":{"line":32,"column":5}}},"4":{"name":"(anonymous_4)","decl":{"start":{"line":34,"column":4},"end":{"line":34,"column":13}},"loc":{"start":{"line":34,"column":59},"end":{"line":40,"column":5}}},"5":{"name":"(anonymous_5)","decl":{"start":{"line":42,"column":4},"end":{"line":42,"column":15}},"loc":{"start":{"line":42,"column":29},"end":{"line":48,"column":5}}},"6":{"name":"(anonymous_6)","decl":{"start":{"line":50,"column":4},"end":{"line":50,"column":11}},"loc":{"start":{"line":50,"column":11},"end":{"line":52,"column":5}}},"7":{"name":"(anonymous_7)","decl":{"start":{"line":51,"column":35},"end":{"line":51,"column":36}},"loc":{"start":{"line":51,"column":69},"end":{"line":51,"column":94}}},"8":{"name":"(anonymous_8)","decl":{"start":{"line":54,"column":4},"end":{"line":54,"column":11}},"loc":{"start":{"line":54,"column":11},"end":{"line":56,"column":5}}},"9":{"name":"(anonymous_9)","decl":{"start":{"line":58,"column":4},"end":{"line":58,"column":10}},"loc":{"start":{"line":58,"column":10},"end":{"line":60,"column":5}}}},"branchMap":{"0":{"loc":{"start":{"line":21,"column":8},"end":{"line":23,"column":null}},"type":"if","locations":[{"start":{"line":21,"column":8},"end":{"line":23,"column":null}},{"start":{"line":21,"column":8},"end":{"line":23,"column":null}}]},"1":{"loc":{"start":{"line":27,"column":15},"end":{"line":27,"column":38}},"type":"binary-expr","locations":[{"start":{"line":27,"column":15},"end":{"line":27,"column":38}},{"start":{"line":27,"column":42},"end":{"line":27,"column":46}}]},"2":{"loc":{"start":{"line":45,"column":8},"end":{"line":47,"column":null}},"type":"if","locations":[{"start":{"line":45,"column":8},"end":{"line":47,"column":null}},{"start":{"line":45,"column":8},"end":{"line":47,"column":null}}]}},"s":{"0":1,"1":9,"2":9,"3":9,"4":9,"5":9,"6":2,"7":2,"8":1,"9":2,"10":36,"11":23,"12":21,"13":21,"14":21,"15":2,"16":2,"17":1,"18":1,"19":3,"20":1,"21":10,"22":1},"f":{"0":9,"1":2,"2":2,"3":36,"4":23,"5":2,"6":1,"7":3,"8":1,"9":10},"b":{"0":[1,1],"1":[2,1],"2":[1,1]}}
,"/Users/untitled/workplace/farm/src/1.4.ObjectFarm.ts": {"path":"/Users/untitled/workplace/farm/src/1.4.ObjectFarm.ts","statementMap":{"0":{"start":{"line":1,"column":0},"end":{"line":1,"column":43}},"1":{"start":{"line":11,"column":18},"end":{"line":11,"column":19}},"2":{"start":{"line":12,"column":27},"end":{"line":12,"column":29}},"3":{"start":{"line":15,"column":8},"end":{"line":15,"column":16}},"4":{"start":{"line":17,"column":8},"end":{"line":17,"column":65}},"5":{"start":{"line":18,"column":8},"end":{"line":18,"column":33}},"6":{"start":{"line":22,"column":8},"end":{"line":22,"column":33}},"7":{"start":{"line":26,"column":20},"end":{"line":26,"column":43}},"8":{"start":{"line":27,"column":8},"end":{"line":29,"column":null}},"9":{"start":{"line":28,"column":12},"end":{"line":28,"column":37}},"10":{"start":{"line":30,"column":8},"end":{"line":30,"column":20}},"11":{"start":{"line":34,"column":8},"end":{"line":36,"column":null}},"12":{"start":{"line":35,"column":12},"end":{"line":35,"column":67}},"13":{"start":{"line":38,"column":23},"end":{"line":38,"column":49}},"14":{"start":{"line":39,"column":8},"end":{"line":41,"column":null}},"15":{"start":{"line":40,"column":12},"end":{"line":40,"column":77}},"16":{"start":{"line":43,"column":22},"end":{"line":43,"column":40}},"17":{"start":{"line":44,"column":8},"end":{"line":44,"column":34}},"18":{"start":{"line":45,"column":8},"end":{"line":45,"column":35}},"19":{"start":{"line":49,"column":20},"end":{"line":49,"column":43}},"20":{"start":{"line":51,"column":8},"end":{"line":53,"column":null}},"21":{"start":{"line":52,"column":12},"end":{"line":52,"column":63}},"22":{"start":{"line":55,"column":8},"end":{"line":55,"column":33}},"23":{"start":{"line":59,"column":8},"end":{"line":63,"column":12}},"24":{"start":{"line":59,"column":80},"end":{"line":63,"column":10}},"25":{"start":{"line":67,"column":8},"end":{"line":67,"column":46}},"26":{"start":{"line":71,"column":8},"end":{"line":71,"column":26}},"27":{"start":{"line":10,"column":0},"end":{"line":10,"column":13}}},"fnMap":{"0":{"name":"(anonymous_0)","decl":{"start":{"line":14,"column":4},"end":{"line":14,"column":null}},"loc":{"start":{"line":14,"column":4},"end":{"line":19,"column":5}}},"1":{"name":"(anonymous_1)","decl":{"start":{"line":21,"column":12},"end":{"line":21,"column":23}},"loc":{"start":{"line":21,"column":37},"end":{"line":23,"column":5}}},"2":{"name":"(anonymous_2)","decl":{"start":{"line":25,"column":11},"end":{"line":25,"column":21}},"loc":{"start":{"line":25,"column":35},"end":{"line":31,"column":5}}},"3":{"name":"(anonymous_3)","decl":{"start":{"line":33,"column":4},"end":{"line":33,"column":13}},"loc":{"start":{"line":33,"column":59},"end":{"line":46,"column":5}}},"4":{"name":"(anonymous_4)","decl":{"start":{"line":48,"column":4},"end":{"line":48,"column":15}},"loc":{"start":{"line":48,"column":29},"end":{"line":56,"column":5}}},"5":{"name":"(anonymous_5)","decl":{"start":{"line":58,"column":4},"end":{"line":58,"column":11}},"loc":{"start":{"line":58,"column":11},"end":{"line":64,"column":5}}},"6":{"name":"(anonymous_6)","decl":{"start":{"line":59,"column":46},"end":{"line":59,"column":47}},"loc":{"start":{"line":59,"column":80},"end":{"line":63,"column":10}}},"7":{"name":"(anonymous_7)","decl":{"start":{"line":66,"column":4},"end":{"line":66,"column":11}},"loc":{"start":{"line":66,"column":11},"end":{"line":68,"column":5}}},"8":{"name":"(anonymous_8)","decl":{"start":{"line":70,"column":4},"end":{"line":70,"column":10}},"loc":{"start":{"line":70,"column":10},"end":{"line":72,"column":5}}}},"branchMap":{"0":{"loc":{"start":{"line":27,"column":8},"end":{"line":29,"column":null}},"type":"if","locations":[{"start":{"line":27,"column":8},"end":{"line":29,"column":null}},{"start":{"line":27,"column":8},"end":{"line":29,"column":null}}]},"1":{"loc":{"start":{"line":34,"column":8},"end":{"line":36,"column":null}},"type":"if","locations":[{"start":{"line":34,"column":8},"end":{"line":36,"column":null}},{"start":{"line":34,"column":8},"end":{"line":36,"column":null}}]},"2":{"loc":{"start":{"line":39,"column":8},"end":{"line":41,"column":null}},"type":"if","locations":[{"start":{"line":39,"column":8},"end":{"line":41,"column":null}},{"start":{"line":39,"column":8},"end":{"line":41,"column":null}}]},"3":{"loc":{"start":{"line":39,"column":12},"end":{"line":39,"column":29}},"type":"binary-expr","locations":[{"start":{"line":39,"column":12},"end":{"line":39,"column":29}},{"start":{"line":39,"column":33},"end":{"line":39,"column":40}}]},"4":{"loc":{"start":{"line":51,"column":8},"end":{"line":53,"column":null}},"type":"if","locations":[{"start":{"line":51,"column":8},"end":{"line":53,"column":null}},{"start":{"line":51,"column":8},"end":{"line":53,"column":null}}]}},"s":{"0":1,"1":9,"2":9,"3":9,"4":9,"5":9,"6":26,"7":2,"8":2,"9":1,"10":1,"11":23,"12":1,"13":22,"14":22,"15":1,"16":21,"17":21,"18":21,"19":2,"20":2,"21":1,"22":1,"23":1,"24":3,"25":1,"26":10,"27":1},"f":{"0":9,"1":26,"2":2,"3":23,"4":2,"5":1,"6":3,"7":1,"8":10},"b":{"0":[1,1],"1":[1,22],"2":[1,21],"3":[22,13],"4":[1,1]}}
,"/Users/untitled/workplace/farm/src/2.1.ChainFarm.ts": {"path":"/Users/untitled/workplace/farm/src/2.1.ChainFarm.ts","statementMap":{"0":{"start":{"line":1,"column":0},"end":{"line":1,"column":43}},"1":{"start":{"line":16,"column":31},"end":{"line":16,"column":35}},"2":{"start":{"line":17,"column":31},"end":{"line":17,"column":35}},"3":{"start":{"line":23,"column":51},"end":{"line":23,"column":58}},"4":{"start":{"line":24,"column":8},"end":{"line":24,"column":27}},"5":{"start":{"line":25,"column":8},"end":{"line":25,"column":25}},"6":{"start":{"line":26,"column":8},"end":{"line":26,"column":33}},"7":{"start":{"line":27,"column":8},"end":{"line":27,"column":31}},"8":{"start":{"line":33,"column":8},"end":{"line":33,"column":16}},"9":{"start":{"line":34,"column":8},"end":{"line":34,"column":33}},"10":{"start":{"line":37,"column":22},"end":{"line":42,"column":6}},"11":{"start":{"line":44,"column":32},"end":{"line":44,"column":44}},"12":{"start":{"line":47,"column":18},"end":{"line":47,"column":30}},"13":{"start":{"line":48,"column":8},"end":{"line":50,"column":null}},"14":{"start":{"line":49,"column":12},"end":{"line":49,"column":30}},"15":{"start":{"line":52,"column":8},"end":{"line":54,"column":null}},"16":{"start":{"line":53,"column":12},"end":{"line":53,"column":23}},"17":{"start":{"line":58,"column":20},"end":{"line":58,"column":43}},"18":{"start":{"line":59,"column":8},"end":{"line":62,"column":null}},"19":{"start":{"line":60,"column":46},"end":{"line":60,"column":49}},"20":{"start":{"line":61,"column":12},"end":{"line":61,"column":45}},"21":{"start":{"line":63,"column":8},"end":{"line":63,"column":20}},"22":{"start":{"line":67,"column":8},"end":{"line":67,"column":41}},"23":{"start":{"line":71,"column":8},"end":{"line":71,"column":55}},"24":{"start":{"line":72,"column":20},"end":{"line":72,"column":82}},"25":{"start":{"line":73,"column":8},"end":{"line":73,"column":35}},"26":{"start":{"line":74,"column":8},"end":{"line":74,"column":27}},"27":{"start":{"line":75,"column":8},"end":{"line":75,"column":41}},"28":{"start":{"line":79,"column":20},"end":{"line":79,"column":43}},"29":{"start":{"line":80,"column":8},"end":{"line":82,"column":null}},"30":{"start":{"line":81,"column":12},"end":{"line":81,"column":63}},"31":{"start":{"line":85,"column":24},"end":{"line":85,"column":35}},"32":{"start":{"line":86,"column":24},"end":{"line":86,"column":35}},"33":{"start":{"line":89,"column":8},"end":{"line":91,"column":null}},"34":{"start":{"line":90,"column":12},"end":{"line":90,"column":66}},"35":{"start":{"line":94,"column":8},"end":{"line":100,"column":null}},"36":{"start":{"line":95,"column":12},"end":{"line":95,"column":38}},"37":{"start":{"line":99,"column":12},"end":{"line":99,"column":35}},"38":{"start":{"line":103,"column":8},"end":{"line":105,"column":null}},"39":{"start":{"line":104,"column":12},"end":{"line":104,"column":38}},"40":{"start":{"line":108,"column":8},"end":{"line":108,"column":42}},"41":{"start":{"line":112,"column":24},"end":{"line":112,"column":26}},"42":{"start":{"line":113,"column":35},"end":{"line":113,"column":47}},"43":{"start":{"line":115,"column":8},"end":{"line":119,"column":null}},"44":{"start":{"line":116,"column":46},"end":{"line":116,"column":49}},"45":{"start":{"line":117,"column":12},"end":{"line":117,"column":52}},"46":{"start":{"line":118,"column":12},"end":{"line":118,"column":30}},"47":{"start":{"line":121,"column":8},"end":{"line":121,"column":23}},"48":{"start":{"line":125,"column":8},"end":{"line":125,"column":37}},"49":{"start":{"line":129,"column":8},"end":{"line":129,"column":38}},"50":{"start":{"line":31,"column":0},"end":{"line":31,"column":13}}},"fnMap":{"0":{"name":"(anonymous_0)","decl":{"start":{"line":22,"column":4},"end":{"line":22,"column":16}},"loc":{"start":{"line":22,"column":35},"end":{"line":28,"column":5}}},"1":{"name":"(anonymous_1)","decl":{"start":{"line":32,"column":4},"end":{"line":32,"column":null}},"loc":{"start":{"line":32,"column":4},"end":{"line":35,"column":5}}},"2":{"name":"(anonymous_2)","decl":{"start":{"line":46,"column":12},"end":{"line":46,"column":23}},"loc":{"start":{"line":46,"column":37},"end":{"line":55,"column":5}}},"3":{"name":"(anonymous_3)","decl":{"start":{"line":57,"column":11},"end":{"line":57,"column":21}},"loc":{"start":{"line":57,"column":35},"end":{"line":64,"column":5}}},"4":{"name":"(anonymous_4)","decl":{"start":{"line":66,"column":4},"end":{"line":66,"column":10}},"loc":{"start":{"line":66,"column":24},"end":{"line":68,"column":5}}},"5":{"name":"(anonymous_5)","decl":{"start":{"line":70,"column":4},"end":{"line":70,"column":13}},"loc":{"start":{"line":70,"column":59},"end":{"line":76,"column":5}}},"6":{"name":"(anonymous_6)","decl":{"start":{"line":78,"column":4},"end":{"line":78,"column":15}},"loc":{"start":{"line":78,"column":29},"end":{"line":109,"column":5}}},"7":{"name":"(anonymous_7)","decl":{"start":{"line":111,"column":4},"end":{"line":111,"column":11}},"loc":{"start":{"line":111,"column":11},"end":{"line":122,"column":5}}},"8":{"name":"(anonymous_8)","decl":{"start":{"line":124,"column":4},"end":{"line":124,"column":11}},"loc":{"start":{"line":124,"column":11},"end":{"line":126,"column":5}}},"9":{"name":"(anonymous_9)","decl":{"start":{"line":128,"column":4},"end":{"line":128,"column":10}},"loc":{"start":{"line":128,"column":10},"end":{"line":130,"column":5}}}},"branchMap":{"0":{"loc":{"start":{"line":48,"column":15},"end":{"line":48,"column":26}},"type":"binary-expr","locations":[{"start":{"line":48,"column":15},"end":{"line":48,"column":26}},{"start":{"line":48,"column":30},"end":{"line":48,"column":49}}]},"1":{"loc":{"start":{"line":52,"column":8},"end":{"line":54,"column":null}},"type":"if","locations":[{"start":{"line":52,"column":8},"end":{"line":54,"column":null}},{"start":{"line":52,"column":8},"end":{"line":54,"column":null}}]},"2":{"loc":{"start":{"line":59,"column":8},"end":{"line":62,"column":null}},"type":"if","locations":[{"start":{"line":59,"column":8},"end":{"line":62,"column":null}},{"start":{"line":59,"column":8},"end":{"line":62,"column":null}}]},"3":{"loc":{"start":{"line":80,"column":8},"end":{"line":82,"column":null}},"type":"if","locations":[{"start":{"line":80,"column":8},"end":{"line":82,"column":null}},{"start":{"line":80,"column":8},"end":{"line":82,"column":null}}]},"4":{"loc":{"start":{"line":89,"column":8},"end":{"line":91,"column":null}},"type":"if","locations":[{"start":{"line":89,"column":8},"end":{"line":91,"column":null}},{"start":{"line":89,"column":8},"end":{"line":91,"column":null}}]},"5":{"loc":{"start":{"line":89,"column":12},"end":{"line":89,"column":20}},"type":"binary-expr","locations":[{"start":{"line":89,"column":12},"end":{"line":89,"column":20}},{"start":{"line":89,"column":24},"end":{"line":89,"column":32}}]},"6":{"loc":{"start":{"line":94,"column":8},"end":{"line":100,"column":null}},"type":"if","locations":[{"start":{"line":94,"column":8},"end":{"line":100,"column":null}},{"start":{"line":94,"column":8},"end":{"line":100,"column":null}}]},"7":{"loc":{"start":{"line":103,"column":8},"end":{"line":105,"column":null}},"type":"if","locations":[{"start":{"line":103,"column":8},"end":{"line":105,"column":null}},{"start":{"line":103,"column":8},"end":{"line":105,"column":null}}]},"8":{"loc":{"start":{"line":108,"column":23},"end":{"line":108,"column":30}},"type":"binary-expr","locations":[{"start":{"line":108,"column":23},"end":{"line":108,"column":30}},{"start":{"line":108,"column":34},"end":{"line":108,"column":41}}]}},"s":{"0":1,"1":21,"2":21,"3":21,"4":21,"5":21,"6":21,"7":21,"8":9,"9":9,"10":9,"11":9,"12":31,"13":31,"14":20,"15":31,"16":15,"17":2,"18":2,"19":1,"20":1,"21":1,"22":27,"23":14,"24":12,"25":12,"26":12,"27":12,"28":2,"29":2,"30":1,"31":1,"32":1,"33":1,"34":0,"35":1,"36":1,"37":0,"38":1,"39":1,"40":1,"41":2,"42":2,"43":2,"44":7,"45":7,"46":7,"47":2,"48":1,"49":1,"50":1},"f":{"0":21,"1":9,"2":31,"3":2,"4":27,"5":14,"6":2,"7":2,"8":1,"9":1},"b":{"0":[51,25],"1":[15,16],"2":[1,1],"3":[1,1],"4":[0,1],"5":[1,0],"6":[1,0],"7":[1,0],"8":[1,0]}}
,"/Users/untitled/workplace/farm/src/BaseFarm.ts": {"path":"/Users/untitled/workplace/farm/src/BaseFarm.ts","statementMap":{"0":{"start":{"line":8,"column":19},"end":{"line":8,"column":24}},"1":{"start":{"line":11,"column":8},"end":{"line":13,"column":null}},"2":{"start":{"line":12,"column":12},"end":{"line":12,"column":63}},"3":{"start":{"line":15,"column":8},"end":{"line":17,"column":null}},"4":{"start":{"line":16,"column":12},"end":{"line":16,"column":66}},"5":{"start":{"line":19,"column":8},"end":{"line":21,"column":null}},"6":{"start":{"line":20,"column":12},"end":{"line":20,"column":63}},"7":{"start":{"line":23,"column":8},"end":{"line":25,"column":null}},"8":{"start":{"line":24,"column":12},"end":{"line":24,"column":68}},"9":{"start":{"line":27,"column":8},"end":{"line":29,"column":null}},"10":{"start":{"line":28,"column":12},"end":{"line":28,"column":67}},"11":{"start":{"line":32,"column":8},"end":{"line":34,"column":null}},"12":{"start":{"line":33,"column":12},"end":{"line":33,"column":77}},"13":{"start":{"line":38,"column":8},"end":{"line":41,"column":11}},"14":{"start":{"line":39,"column":46},"end":{"line":39,"column":49}},"15":{"start":{"line":40,"column":12},"end":{"line":40,"column":59}},"16":{"start":{"line":45,"column":8},"end":{"line":45,"column":76}},"17":{"start":{"line":49,"column":8},"end":{"line":49,"column":77}},"18":{"start":{"line":7,"column":0},"end":{"line":7,"column":13}}},"fnMap":{"0":{"name":"(anonymous_0)","decl":{"start":{"line":10,"column":4},"end":{"line":10,"column":22}},"loc":{"start":{"line":10,"column":68},"end":{"line":35,"column":5}}},"1":{"name":"(anonymous_1)","decl":{"start":{"line":37,"column":11},"end":{"line":37,"column":16}},"loc":{"start":{"line":37,"column":16},"end":{"line":42,"column":5}}},"2":{"name":"(anonymous_2)","decl":{"start":{"line":38,"column":31},"end":{"line":38,"column":34}},"loc":{"start":{"line":38,"column":37},"end":{"line":41,"column":9}}},"3":{"name":"(anonymous_3)","decl":{"start":{"line":44,"column":4},"end":{"line":44,"column":10}},"loc":{"start":{"line":44,"column":24},"end":{"line":46,"column":5}}},"4":{"name":"(anonymous_4)","decl":{"start":{"line":48,"column":11},"end":{"line":48,"column":18}},"loc":{"start":{"line":48,"column":18},"end":{"line":50,"column":5}}}},"branchMap":{"0":{"loc":{"start":{"line":11,"column":8},"end":{"line":13,"column":null}},"type":"if","locations":[{"start":{"line":11,"column":8},"end":{"line":13,"column":null}},{"start":{"line":11,"column":8},"end":{"line":13,"column":null}}]},"1":{"loc":{"start":{"line":11,"column":12},"end":{"line":11,"column":37}},"type":"binary-expr","locations":[{"start":{"line":11,"column":12},"end":{"line":11,"column":37}},{"start":{"line":11,"column":41},"end":{"line":11,"column":50}}]},"2":{"loc":{"start":{"line":15,"column":8},"end":{"line":17,"column":null}},"type":"if","locations":[{"start":{"line":15,"column":8},"end":{"line":17,"column":null}},{"start":{"line":15,"column":8},"end":{"line":17,"column":null}}]},"3":{"loc":{"start":{"line":15,"column":12},"end":{"line":15,"column":40}},"type":"binary-expr","locations":[{"start":{"line":15,"column":12},"end":{"line":15,"column":40}},{"start":{"line":15,"column":44},"end":{"line":15,"column":56}}]},"4":{"loc":{"start":{"line":19,"column":8},"end":{"line":21,"column":null}},"type":"if","locations":[{"start":{"line":19,"column":8},"end":{"line":21,"column":null}},{"start":{"line":19,"column":8},"end":{"line":21,"column":null}}]},"5":{"loc":{"start":{"line":19,"column":12},"end":{"line":19,"column":36}},"type":"binary-expr","locations":[{"start":{"line":19,"column":12},"end":{"line":19,"column":36}},{"start":{"line":19,"column":40},"end":{"line":19,"column":45}}]},"6":{"loc":{"start":{"line":23,"column":8},"end":{"line":25,"column":null}},"type":"if","locations":[{"start":{"line":23,"column":8},"end":{"line":25,"column":null}},{"start":{"line":23,"column":8},"end":{"line":25,"column":null}}]},"7":{"loc":{"start":{"line":27,"column":8},"end":{"line":29,"column":null}},"type":"if","locations":[{"start":{"line":27,"column":8},"end":{"line":29,"column":null}},{"start":{"line":27,"column":8},"end":{"line":29,"column":null}}]},"8":{"loc":{"start":{"line":32,"column":8},"end":{"line":34,"column":null}},"type":"if","locations":[{"start":{"line":32,"column":8},"end":{"line":34,"column":null}},{"start":{"line":32,"column":8},"end":{"line":34,"column":null}}]},"9":{"loc":{"start":{"line":32,"column":12},"end":{"line":32,"column":29}},"type":"binary-expr","locations":[{"start":{"line":32,"column":12},"end":{"line":32,"column":29}},{"start":{"line":32,"column":33},"end":{"line":32,"column":55}}]}},"s":{"0":45,"1":83,"2":0,"3":83,"4":0,"5":83,"6":0,"7":83,"8":0,"9":83,"10":4,"11":79,"12":4,"13":0,"14":0,"15":0,"16":0,"17":0,"18":1},"f":{"0":83,"1":0,"2":0,"3":0,"4":0},"b":{"0":[0,83],"1":[83,83],"2":[0,83],"3":[83,83],"4":[0,83],"5":[83,83],"6":[0,83],"7":[4,79],"8":[4,75],"9":[79,52]}}
}
